INFO: Environment Variables: 

INFO: 	ORACLE_HOME = /oracle/app/oracle/product/11.2.0/client_1

INFO: 	PATH = /oracle/app/oracle/product/11.2.0/client_1/bin:/usr/lib64/qt-3.3/bin:/usr/local/bin:/bin:/usr/bin:/usr/local/sbin:/usr/sbin:/sbin:/home/oracle/bin:/oracle/t/Disk1/install

INFO: 	CLASSPATH = 

INFO: Username:oracle

INFO: Saving the install inventory which has the access of 1
INFO: 

INFO: Start output from spawned process:
INFO: ----------------------------------
INFO: 

INFO: 

INFO: Start output from spawned process:
INFO: ----------------------------------
INFO: 

INFO: The flags set for this home (/oracle/app/oracle/product/11.2.0/client_1) are:clean
INFO: Home:/oracle/app/oracle/product/11.2.0/client_1 oraclehomeproperties.xml is not saved because the flags indicate no changes to this file.
INFO: The flags set for this home (/oracle/Middleware/oracle_common) are:aruID|aruDesc|guid|addedToCI
INFO: The flags set for this home (/oracle/Middleware/Oracle_WT1) are:aruID|aruDesc|guid|addedToCI
INFO: Updating XML inventory.
INFO: Current Inventory:
	Oracle Home: OraClient11g_home1
		This Oracle Home has not been changed in this session.
	Oracle Home: OH1647283365
		This Oracle Home has not been changed in this session.
	Oracle Home: OH894183004
		This Oracle Home has not been changed in this session.

INFO: Ending the inventory Session 
INFO: Using an existing InstallAreaControl for this Inventory Session with existing access level 1
INFO: Using an existing InstallAreaControl for this Inventory Session with existing access level 1
INFO: Environment Variables: 

INFO: 	ORACLE_HOME = /oracle/app/oracle/product/11.2.0/client_1

INFO: 	PATH = /oracle/app/oracle/product/11.2.0/client_1/bin:/usr/lib64/qt-3.3/bin:/usr/local/bin:/bin:/usr/bin:/usr/local/sbin:/usr/sbin:/sbin:/home/oracle/bin:/oracle/t/Disk1/install

INFO: 	CLASSPATH = 

INFO: Username:oracle

INFO: Saving the install inventory which has the access of 1
INFO: 

INFO: Start output from spawned process:
INFO: ----------------------------------
INFO: 

INFO: 

INFO: Start output from spawned process:
INFO: ----------------------------------
INFO: 

INFO: The flags set for this home (/oracle/app/oracle/product/11.2.0/client_1) are:clean
INFO: Home:/oracle/app/oracle/product/11.2.0/client_1 oraclehomeproperties.xml is not saved because the flags indicate no changes to this file.
INFO: The flags set for this home (/oracle/Middleware/oracle_common) are:aruID|aruDesc|guid|addedToCI
INFO: The flags set for this home (/oracle/Middleware/Oracle_WT1) are:aruID|aruDesc|guid|addedToCI
INFO: Updating XML inventory.
INFO: Current Inventory:
	Oracle Home: OraClient11g_home1
		This Oracle Home has not been changed in this session.
	Oracle Home: OH1647283365
		This Oracle Home has not been changed in this session.
	Oracle Home: OH894183004
		This Oracle Home has not been changed in this session.

INFO: Ending the inventory Session 
INFO: Using an existing InstallAreaControl for this Inventory Session with existing access level 1
INFO: Using an existing InstallAreaControl for this Inventory Session with existing access level 1
INFO: Environment Variables: 

INFO: 	ORACLE_HOME = /oracle/app/oracle/product/11.2.0/client_1

INFO: 	PATH = /oracle/app/oracle/product/11.2.0/client_1/bin:/usr/lib64/qt-3.3/bin:/usr/local/bin:/bin:/usr/bin:/usr/local/sbin:/usr/sbin:/sbin:/home/oracle/bin:/oracle/t/Disk1/install

INFO: 	CLASSPATH = 

INFO: Username:oracle

INFO: Saving the install inventory which has the access of 1
INFO: 

INFO: Start output from spawned process:
INFO: ----------------------------------
INFO: 

INFO: 

INFO: Start output from spawned process:
INFO: ----------------------------------
INFO: 

INFO: The flags set for this home (/oracle/app/oracle/product/11.2.0/client_1) are:clean
INFO: Home:/oracle/app/oracle/product/11.2.0/client_1 oraclehomeproperties.xml is not saved because the flags indicate no changes to this file.
INFO: The flags set for this home (/oracle/Middleware/oracle_common) are:aruID|aruDesc|guid|addedToCI
INFO: The flags set for this home (/oracle/Middleware/Oracle_WT1) are:aruID|aruDesc|guid|addedToCI
INFO: Updating XML inventory.
INFO: Current Inventory:
	Oracle Home: OraClient11g_home1
		This Oracle Home has not been changed in this session.
	Oracle Home: OH1647283365
		This Oracle Home has not been changed in this session.
	Oracle Home: OH894183004
		This Oracle Home has not been changed in this session.

INFO: Ending the inventory Session 
INFO: Using an existing InstallAreaControl for this Inventory Session with existing access level 1
INFO: Using an existing InstallAreaControl for this Inventory Session with existing access level 1
INFO: Using an existing InstallAreaControl for this Inventory Session with existing access level 1
INFO: Using an existing InstallAreaControl for this Inventory Session with existing access level 1
INFO: Environment Variables: 

INFO: 	ORACLE_HOME = /oracle/app/oracle/product/11.2.0/client_1

INFO: 	PATH = /oracle/app/oracle/product/11.2.0/client_1/bin:/usr/lib64/qt-3.3/bin:/usr/local/bin:/bin:/usr/bin:/usr/local/sbin:/usr/sbin:/sbin:/home/oracle/bin:/oracle/t/Disk1/install

INFO: 	CLASSPATH = 

INFO: Username:oracle

INFO: Saving the install inventory which has the access of 1
INFO: 

INFO: Start output from spawned process:
INFO: ----------------------------------
INFO: 

INFO: 

INFO: Start output from spawned process:
INFO: ----------------------------------
INFO: 

INFO: The flags set for this home (/oracle/app/oracle/product/11.2.0/client_1) are:clean
INFO: Home:/oracle/app/oracle/product/11.2.0/client_1 oraclehomeproperties.xml is not saved because the flags indicate no changes to this file.
INFO: The flags set for this home (/oracle/Middleware/oracle_common) are:aruID|aruDesc|guid|addedToCI
INFO: The flags set for this home (/oracle/Middleware/Oracle_WT1) are:aruID|aruDesc|guid|addedToCI|additionalOHProps
INFO: Updating XML inventory.
INFO: Current Inventory:
	Oracle Home: OraClient11g_home1
		This Oracle Home has not been changed in this session.
	Oracle Home: OH1647283365
		This Oracle Home has not been changed in this session.
	Oracle Home: OH894183004
		This Oracle Home has not been changed in this session.

INFO: Ending the inventory Session 
INFO: Using an existing InstallAreaControl for this Inventory Session with existing access level 1
INFO: Using an existing InstallAreaControl for this Inventory Session with existing access level 1
INFO: Environment Variables: 

INFO: 	ORACLE_HOME = /oracle/app/oracle/product/11.2.0/client_1

INFO: 	PATH = /oracle/app/oracle/product/11.2.0/client_1/bin:/usr/lib64/qt-3.3/bin:/usr/local/bin:/bin:/usr/bin:/usr/local/sbin:/usr/sbin:/sbin:/home/oracle/bin:/oracle/t/Disk1/install

INFO: 	CLASSPATH = 

INFO: Username:oracle

INFO: Saving the install inventory which has the access of 1
INFO: 

INFO: Start output from spawned process:
INFO: ----------------------------------
INFO: 

INFO: 

INFO: Start output from spawned process:
INFO: ----------------------------------
INFO: 

INFO: The flags set for this home (/oracle/app/oracle/product/11.2.0/client_1) are:clean
INFO: Home:/oracle/app/oracle/product/11.2.0/client_1 oraclehomeproperties.xml is not saved because the flags indicate no changes to this file.
INFO: The flags set for this home (/oracle/Middleware/oracle_common) are:aruID|aruDesc|guid|addedToCI|additionalOHProps
INFO: The flags set for this home (/oracle/Middleware/Oracle_WT1) are:aruID|aruDesc|guid|addedToCI|additionalOHProps
INFO: Updating XML inventory.
INFO: Current Inventory:
	Oracle Home: OraClient11g_home1
		This Oracle Home has not been changed in this session.
	Oracle Home: OH1647283365
		This Oracle Home has not been changed in this session.
	Oracle Home: OH894183004
		This Oracle Home has not been changed in this session.

INFO: Ending the inventory Session 
INFO: Using an existing InstallAreaControl for this Inventory Session with existing access level 1
INFO: The ORACLE_CONFIG_HOME env var is set to 
INFO: The ORACLE_CONFIG_HOME env var is set to 
INFO: The ORACLE_CONFIG_HOME env var is set to 
INFO: The ORACLE_CONFIG_HOME env var is set to 
INFO: Using an existing InstallAreaControl for this Inventory Session with existing access level 1
