Adding to classpath:file:/tmp/OraInstall2015-01-26_02-14-54PM/ext/jlib/webtiercd.jar
Adding to classpath:file:/tmp/OraInstall2015-01-26_02-14-54PM/ext/jlib/template.jar
Adding /tmp/OraInstall2015-01-26_02-14-54PM for deletion.
CUSTOM_COPY_RIGHT@oracle.as.install.webtiercd.ui.resources.WelcomeWebtiercdPage.ScreenRes
DEBUG : strDeinstallOH : <html><u>D</u>einstall Oracle Home<br>Deinstalls binaries in an ORACLE_HOME.<br>Oracle Home : {0}</html>
DEBUG : NAME : oracle.installer.startup_location
Setting current page standalone validations to true
Setting current page standalone validations to true
In doFinish method checking for inventory lock...DeinstallProgressPage
Setting current page standalone validations to true
STARTING DEINSTALL OPERATION ...
In the UI mode and waiting for event complete
Setting event for manager
In initialise of Deinstall
ID recieved  3710
CHECK FOR SUB3710
Printing the values of unmanagedMode=false managedMode=false ohMode=true ohTypeMode=true
true
inventoryLocation: /home/oracle/oraInventory
The user provided properties object doesnt have the entry for oracle.installer.startup_location. Checking if the value has been set in the System environment
Current Host Name siebelgw
Source Loc:null
Starting deinstall
Deinstall Log :null
Starting Deinstall
===========================================
Deinstall Log :Deinstall in progress
Deinstall Log : Oracle WebTier and Utilities CD 11.1.1.7.0 
Deinstall Log : Oracle HTTP Server 2.0 11.1.1.7.0 
Deinstall Log : Oracle Upgrade Assistant 11.1.1.7.0 
Deinstall Log : Oracle Process Management Node (oracle.opmn) 11.1.1.7.0 
Deinstall Log : Oracle DMSC (oracle.dmsc) 11.1.1.7.0 
Deinstall Log : Oracle Wallet Manager 11.1.1.7.0 
Deinstall Log : Secure Socket Layer 11.1.0.7.0 
Deinstall Log : Assistant Common Files 11.1.0.7.0 
Deinstall Log : Oracle Application Server Non J2EE Management Files 11.1.1.7.0 
Deinstall Log : LDAP Audit Framework 11.1.1.7.0 
Deinstall Log : Oracle WebLogic Plugins 11.1.1.7.0 
Deinstall Log : OracleAS Web Cache 11.1.1.7.0 
Deinstall Log : Oracle XML Development Kit 11.1.0.7.0 
Deinstall Log : Required Support Files 11.1.0.7.0 
Deinstall Log : Oracle Net Required Support Files 11.1.0.7.0 
Deinstall Log : LDAP Required Support Files 11.1.1.7.0 
Deinstall Log : RDBMS Required Support Files 11.1.0.7.0 
Deinstall Log : RDBMS Required Support Files for Instant Client 11.1.0.7.0 
Deinstall Log : Oracle Application Server Configuration 11.1.1.7.0 
Deinstall Log : XML Parser for Java 11.1.0.7.0 
Deinstall Log : Oracle Universal Installer 11.1.0.9.0 
Deinstall Log : Oracle One-Off Patch Installer 11.1.0.9.9 
Deinstall Log : Installer SDK Component 11.1.0.9.0 
Deinstall Log : Java Development Kit 1.6.0.35.52 
Deinstall Log : Oracle Configuration Manager 10.3.7.0.0 
Deinstall Log : Oracle Upgrade Assistant 11.1.1.7.0 
Deinstall Log : Oracle JDBC/THIN Interfaces 11.1.0.7.0 
Deinstall Log : Oracle JDBC/OCI Instant Client 11.1.0.7.0 
Deinstall Log : Oracle Globalization Support 11.1.0.7.0 
Deinstall Log : Platform Required Support Files 11.1.0.7.0 
Deinstall Log : Perl Interpreter 5.10.0.0.1 
Deinstall Log : Perl Modules 5.10.0.0.1 
Deinstall Log : Oracle Locale Builder 11.1.0.7.0 
Deinstall Log : Oracle Help For Java 4.2.9.0.0 
Deinstall Log : Oracle JFC Extended Windowing Toolkit 11.1.1.7.0 
Deinstall Log : Oracle Ice Browser 11.1.1.7.0 
Deinstall Log : Oracle Extended Windowing Toolkit 11.1.1.7.0 
Deinstall Log : Oracle Bali Share 11.1.1.7.0 
Deinstall Log : Oracle Core Required Support Files 11.1.0.7.0 
Deinstall Log : Precompiler Required Support Files 11.1.0.7.0 
Deinstall Log : Parser Generator Required Support Files 11.1.0.7.0 
Deinstall Log : Agent Required Support Files 10.2.0.4.1 
Deinstall Log : XDK Required Support Files 11.1.0.7.0 
Deinstall Log : SQL*Plus Required Support Files 11.1.0.7.0 
Deinstall Log : Oracle RAC Required Support Files-HAS 11.1.0.7.0 
Deinstall Log : Oracle XML Query 11.1.0.7.0 
Deinstall Log : Oracle Help for Java 11.1.1.7.0 
Deinstall Log : Oracle Help for the Web - UIX 11.1.1.7.0 
Deinstall Log : Oracle Help for the Web Shared Library 11.1.1.7.0 
Deinstall Log : Oracle Help Share Library 11.1.1.7.0 
Deinstall Log : Oracle  Application Development ModPLSQL 11.1.1.7.0 
Deinstall Log : Expat libraries 2.0.1.0.1 
Deinstall Log : Oracle Globalization Support 11.1.0.7.0 
Deinstall Log : LDAP Secure Sockets Layer Files 11.1.1.7.0 
Deinstall Log : LDAP Required Support Instant Client Files 11.1.1.7.0 
Deinstall Log : Enterprise Manager Minimal Integration 11.1.0.7.0 
Deinstall Log : Buildtools Common Files 11.1.0.7.0 
Deinstall Log : Oracle Remote Diagnostic Agent 11.1.1.7.0 
Deinstall Log : Application Server 11g Cloning Component 11.1.1.7.0 
Deinstall Log : Application Server 11g OHS T2P Component 11.1.1.7.0 
Deinstall Log : OracleAS Documentation 11.1.1.7.0 
Deinstall Log : Oracle Change IP Component 11.1.1.7.0 
Deinstall Log : Oracle Application One Off patches Component 11.1.1.7.0 
Deinstall Log : Oracle Fusion Middleware Admin Config 11.1.1.6.0 
Deinstall Log : Jython 11.1.1.7.0 
Deinstall Log : Enterprise Manager Application Server Plugin -- Common Support 11.1.1.7.0 
Deinstall Log : Oracle Identity Management Support Files 11.1.1.7.0 
Deinstall Log : Oracle WebTier and Utilities CD 11.1.1.7.0 
Deinstall Log : Oracle HTTP Server 2.0 11.1.1.7.0 
Deinstall Log : Oracle Upgrade Assistant 11.1.1.7.0 
Deinstall Log : Oracle Process Management Node (oracle.opmn) 11.1.1.7.0 
Deinstall Log : Oracle DMSC (oracle.dmsc) 11.1.1.7.0 
Deinstall Log : Oracle Wallet Manager 11.1.1.7.0 
Deinstall Log : Secure Socket Layer 11.1.0.7.0 
Deinstall Log : Assistant Common Files 11.1.0.7.0 
Deinstall Log : Oracle Application Server Non J2EE Management Files 11.1.1.7.0 
Deinstall Log : LDAP Audit Framework 11.1.1.7.0 
Deinstall Log : Oracle WebLogic Plugins 11.1.1.7.0 
Deinstall Log : OracleAS Web Cache 11.1.1.7.0 
Deinstall Log : Oracle XML Development Kit 11.1.0.7.0 
Deinstall Log : Required Support Files 11.1.0.7.0 
Deinstall Log : Oracle Net Required Support Files 11.1.0.7.0 
Deinstall Log : LDAP Required Support Files 11.1.1.7.0 
Deinstall Log : RDBMS Required Support Files 11.1.0.7.0 
Deinstall Log : RDBMS Required Support Files for Instant Client 11.1.0.7.0 
Deinstall Log : Oracle Application Server Configuration 11.1.1.7.0 
Deinstall Log : XML Parser for Java 11.1.0.7.0 
Deinstall Log : Oracle Universal Installer 11.1.0.9.0 
Deinstall Log : Oracle One-Off Patch Installer 11.1.0.9.9 
Deinstall Log : Installer SDK Component 11.1.0.9.0 
Deinstall Log : Java Development Kit 1.6.0.35.52 
Deinstall Log : Oracle Configuration Manager 10.3.7.0.0 
Deinstall Log : Oracle Upgrade Assistant 11.1.1.7.0 
Deinstall Log : Oracle JDBC/THIN Interfaces 11.1.0.7.0 
Deinstall Log : Oracle JDBC/OCI Instant Client 11.1.0.7.0 
Deinstall Log : Oracle Globalization Support 11.1.0.7.0 
Deinstall Log : Platform Required Support Files 11.1.0.7.0 
Deinstall Log : Perl Interpreter 5.10.0.0.1 
Deinstall Log : Perl Modules 5.10.0.0.1 
Deinstall Log : Oracle Locale Builder 11.1.0.7.0 
Deinstall Log : Oracle Help For Java 4.2.9.0.0 
Deinstall Log : Oracle JFC Extended Windowing Toolkit 11.1.1.7.0 
Deinstall Log : Oracle Ice Browser 11.1.1.7.0 
Deinstall Log : Oracle Extended Windowing Toolkit 11.1.1.7.0 
Deinstall Log : Oracle Bali Share 11.1.1.7.0 
Deinstall Log : Oracle Core Required Support Files 11.1.0.7.0 
Deinstall Log : Precompiler Required Support Files 11.1.0.7.0 
Deinstall Log : Parser Generator Required Support Files 11.1.0.7.0 
Deinstall Log : Agent Required Support Files 10.2.0.4.1 
Deinstall Log : XDK Required Support Files 11.1.0.7.0 
Deinstall Log : SQL*Plus Required Support Files 11.1.0.7.0 
Deinstall Log : Oracle RAC Required Support Files-HAS 11.1.0.7.0 
Deinstall Log : Oracle XML Query 11.1.0.7.0 
Deinstall Log : Oracle Help for Java 11.1.1.7.0 
Deinstall Log : Oracle Help for the Web - UIX 11.1.1.7.0 
Deinstall Log : Oracle Help for the Web Shared Library 11.1.1.7.0 
Deinstall Log : Oracle Help Share Library 11.1.1.7.0 
Deinstall Log : Oracle  Application Development ModPLSQL 11.1.1.7.0 
Deinstall Log : Expat libraries 2.0.1.0.1 
Deinstall Log : Oracle Globalization Support 11.1.0.7.0 
Deinstall Log : LDAP Secure Sockets Layer Files 11.1.1.7.0 
Deinstall Log : LDAP Required Support Instant Client Files 11.1.1.7.0 
Deinstall Log : Enterprise Manager Minimal Integration 11.1.0.7.0 
Deinstall Log : Buildtools Common Files 11.1.0.7.0 
Deinstall Log : Oracle Remote Diagnostic Agent 11.1.1.7.0 
Deinstall Log : Application Server 11g Cloning Component 11.1.1.7.0 
Deinstall Log : Application Server 11g OHS T2P Component 11.1.1.7.0 
Deinstall Log : OracleAS Documentation 11.1.1.7.0 
Deinstall Log : Oracle Change IP Component 11.1.1.7.0 
Deinstall Log : Oracle Application One Off patches Component 11.1.1.7.0 
Deinstall Log : Oracle Fusion Middleware Admin Config 11.1.1.6.0 
Deinstall Log : Jython 11.1.1.7.0 
Deinstall Log : Enterprise Manager Application Server Plugin -- Common Support 11.1.1.7.0 
Deinstall Log : Oracle Identity Management Support Files 11.1.1.7.0 
Deinstall Log : Oracle WebTier and Utilities CD 11.1.1.7.0 
Deinstall Log : Oracle HTTP Server 2.0 11.1.1.7.0 
Deinstall Log : Oracle Upgrade Assistant 11.1.1.7.0 
Deinstall Log : Oracle Process Management Node (oracle.opmn) 11.1.1.7.0 
Deinstall Log : Oracle DMSC (oracle.dmsc) 11.1.1.7.0 
Deinstall Log : Oracle Wallet Manager 11.1.1.7.0 
Deinstall Log : Secure Socket Layer 11.1.0.7.0 
Deinstall Log : Assistant Common Files 11.1.0.7.0 
Deinstall Log : Oracle Application Server Non J2EE Management Files 11.1.1.7.0 
Deinstall Log : LDAP Audit Framework 11.1.1.7.0 
Deinstall Log : Oracle WebLogic Plugins 11.1.1.7.0 
Deinstall Log : OracleAS Web Cache 11.1.1.7.0 
Deinstall Log : Oracle XML Development Kit 11.1.0.7.0 
Deinstall Log : Required Support Files 11.1.0.7.0 
Deinstall Log : Oracle Net Required Support Files 11.1.0.7.0 
Deinstall Log : LDAP Required Support Files 11.1.1.7.0 
Deinstall Log : RDBMS Required Support Files 11.1.0.7.0 
Deinstall Log : RDBMS Required Support Files for Instant Client 11.1.0.7.0 
Deinstall Log : Oracle Application Server Configuration 11.1.1.7.0 
Deinstall Log : XML Parser for Java 11.1.0.7.0 
Deinstall Log : Oracle Universal Installer 11.1.0.9.0 
Deinstall Log : Oracle One-Off Patch Installer 11.1.0.9.9 
Deinstall Log : Installer SDK Component 11.1.0.9.0 
Deinstall Log : Java Development Kit 1.6.0.35.52 
Deinstall Log : Oracle Configuration Manager 10.3.7.0.0 
Deinstall Log : Oracle Upgrade Assistant 11.1.1.7.0 
Deinstall Log : Oracle JDBC/THIN Interfaces 11.1.0.7.0 
Deinstall Log : Oracle JDBC/OCI Instant Client 11.1.0.7.0 
Deinstall Log : Oracle Globalization Support 11.1.0.7.0 
Deinstall Log : Platform Required Support Files 11.1.0.7.0 
Deinstall Log : Perl Interpreter 5.10.0.0.1 
Deinstall Log : Perl Modules 5.10.0.0.1 
Deinstall Log : Oracle Locale Builder 11.1.0.7.0 
Deinstall Log : Oracle Help For Java 4.2.9.0.0 
Deinstall Log : Oracle JFC Extended Windowing Toolkit 11.1.1.7.0 
Deinstall Log : Oracle Ice Browser 11.1.1.7.0 
Deinstall Log : Oracle Extended Windowing Toolkit 11.1.1.7.0 
Deinstall Log : Oracle Bali Share 11.1.1.7.0 
Deinstall Log : Oracle Core Required Support Files 11.1.0.7.0 
Deinstall Log : Precompiler Required Support Files 11.1.0.7.0 
Deinstall Log : Parser Generator Required Support Files 11.1.0.7.0 
Deinstall Log : Agent Required Support Files 10.2.0.4.1 
Deinstall Log : XDK Required Support Files 11.1.0.7.0 
Deinstall Log : SQL*Plus Required Support Files 11.1.0.7.0 
Deinstall Log : Oracle RAC Required Support Files-HAS 11.1.0.7.0 
Deinstall Log : Oracle XML Query 11.1.0.7.0 
Deinstall Log : Oracle Help for Java 11.1.1.7.0 
Deinstall Log : Oracle Help for the Web - UIX 11.1.1.7.0 
Deinstall Log : Oracle Help for the Web Shared Library 11.1.1.7.0 
Deinstall Log : Oracle Help Share Library 11.1.1.7.0 
Deinstall Log : Oracle  Application Development ModPLSQL 11.1.1.7.0 
Deinstall Log : Expat libraries 2.0.1.0.1 
Deinstall Log : Oracle Globalization Support 11.1.0.7.0 
Deinstall Log : LDAP Secure Sockets Layer Files 11.1.1.7.0 
Deinstall Log : LDAP Required Support Instant Client Files 11.1.1.7.0 
Deinstall Log : Enterprise Manager Minimal Integration 11.1.0.7.0 
Deinstall Log : Buildtools Common Files 11.1.0.7.0 
Deinstall Log : Oracle Remote Diagnostic Agent 11.1.1.7.0 
Deinstall Log : Application Server 11g Cloning Component 11.1.1.7.0 
Deinstall Log : Application Server 11g OHS T2P Component 11.1.1.7.0 
Deinstall Log : OracleAS Documentation 11.1.1.7.0 
Deinstall Log : Oracle Change IP Component 11.1.1.7.0 
Deinstall Log : Oracle Application One Off patches Component 11.1.1.7.0 
Deinstall Log : Oracle Fusion Middleware Admin Config 11.1.1.6.0 
Deinstall Log : Jython 11.1.1.7.0 
Deinstall Log : Enterprise Manager Application Server Plugin -- Common Support 11.1.1.7.0 
Deinstall Log : Oracle Identity Management Support Files 11.1.1.7.0 
Deinstall Log : Oracle WebTier and Utilities CD 11.1.1.7.0 
Deinstall Log : Oracle HTTP Server 2.0 11.1.1.7.0 
Deinstall Log : Oracle Upgrade Assistant 11.1.1.7.0 
Deinstall Log : Oracle Process Management Node (oracle.opmn) 11.1.1.7.0 
Deinstall Log : Oracle DMSC (oracle.dmsc) 11.1.1.7.0 
Deinstall Log : Oracle Wallet Manager 11.1.1.7.0 
Deinstall Log : Secure Socket Layer 11.1.0.7.0 
Deinstall Log : Assistant Common Files 11.1.0.7.0 
Deinstall Log : Oracle Application Server Non J2EE Management Files 11.1.1.7.0 
Deinstall Log : LDAP Audit Framework 11.1.1.7.0 
Deinstall Log : Oracle WebLogic Plugins 11.1.1.7.0 
Deinstall Log : OracleAS Web Cache 11.1.1.7.0 
Deinstall Log : Oracle XML Development Kit 11.1.0.7.0 
Deinstall Log : Required Support Files 11.1.0.7.0 
Deinstall Log : Oracle Net Required Support Files 11.1.0.7.0 
Deinstall Log : LDAP Required Support Files 11.1.1.7.0 
Deinstall Log : RDBMS Required Support Files 11.1.0.7.0 
Deinstall Log : RDBMS Required Support Files for Instant Client 11.1.0.7.0 
Deinstall Log : Oracle Application Server Configuration 11.1.1.7.0 
Deinstall Log : XML Parser for Java 11.1.0.7.0 
Deinstall Log : Oracle Universal Installer 11.1.0.9.0 
Deinstall Log : Oracle One-Off Patch Installer 11.1.0.9.9 
Deinstall Log : Installer SDK Component 11.1.0.9.0 
Deinstall Log : Java Development Kit 1.6.0.35.52 
Deinstall Log : Oracle Configuration Manager 10.3.7.0.0 
Deinstall Log : Oracle Upgrade Assistant 11.1.1.7.0 
Deinstall Log : Oracle JDBC/THIN Interfaces 11.1.0.7.0 
Deinstall Log : Oracle JDBC/OCI Instant Client 11.1.0.7.0 
Deinstall Log : Oracle Globalization Support 11.1.0.7.0 
Deinstall Log : Platform Required Support Files 11.1.0.7.0 
Deinstall Log : Perl Interpreter 5.10.0.0.1 
Deinstall Log : Perl Modules 5.10.0.0.1 
Deinstall Log : Oracle Locale Builder 11.1.0.7.0 
Deinstall Log : Oracle Help For Java 4.2.9.0.0 
Deinstall Log : Oracle JFC Extended Windowing Toolkit 11.1.1.7.0 
Deinstall Log : Oracle Ice Browser 11.1.1.7.0 
Deinstall Log : Oracle Extended Windowing Toolkit 11.1.1.7.0 
Deinstall Log : Oracle Bali Share 11.1.1.7.0 
Deinstall Log : Oracle Core Required Support Files 11.1.0.7.0 
Deinstall Log : Precompiler Required Support Files 11.1.0.7.0 
Deinstall Log : Parser Generator Required Support Files 11.1.0.7.0 
Deinstall Log : Agent Required Support Files 10.2.0.4.1 
Deinstall Log : XDK Required Support Files 11.1.0.7.0 
Deinstall Log : SQL*Plus Required Support Files 11.1.0.7.0 
Deinstall Log : Oracle RAC Required Support Files-HAS 11.1.0.7.0 
Deinstall Log : Oracle XML Query 11.1.0.7.0 
Deinstall Log : Oracle Help for Java 11.1.1.7.0 
Deinstall Log : Oracle Help for the Web - UIX 11.1.1.7.0 
Deinstall Log : Oracle Help for the Web Shared Library 11.1.1.7.0 
Deinstall Log : Oracle Help Share Library 11.1.1.7.0 
Deinstall Log : Oracle  Application Development ModPLSQL 11.1.1.7.0 
Deinstall Log : Expat libraries 2.0.1.0.1 
Deinstall Log : Oracle Globalization Support 11.1.0.7.0 
Deinstall Log : LDAP Secure Sockets Layer Files 11.1.1.7.0 
Deinstall Log : LDAP Required Support Instant Client Files 11.1.1.7.0 
Deinstall Log : Enterprise Manager Minimal Integration 11.1.0.7.0 
Deinstall Log : Buildtools Common Files 11.1.0.7.0 
Deinstall Log : Oracle Remote Diagnostic Agent 11.1.1.7.0 
Deinstall Log : Application Server 11g Cloning Component 11.1.1.7.0 
Deinstall Log : Application Server 11g OHS T2P Component 11.1.1.7.0 
Deinstall Log : OracleAS Documentation 11.1.1.7.0 
Deinstall Log : Oracle Change IP Component 11.1.1.7.0 
Deinstall Log : Oracle Application One Off patches Component 11.1.1.7.0 
Deinstall Log : Oracle Fusion Middleware Admin Config 11.1.1.6.0 
Deinstall Log : Jython 11.1.1.7.0 
Deinstall Log : Enterprise Manager Application Server Plugin -- Common Support 11.1.1.7.0 
Deinstall Log : Oracle Identity Management Support Files 11.1.1.7.0 
Deinstall Log : Oracle WebTier and Utilities CD 11.1.1.7.0 
Deinstall Log : Oracle HTTP Server 2.0 11.1.1.7.0 
Deinstall Log : Oracle Upgrade Assistant 11.1.1.7.0 
Deinstall Log : Oracle Process Management Node (oracle.opmn) 11.1.1.7.0 
Deinstall Log : Oracle DMSC (oracle.dmsc) 11.1.1.7.0 
Deinstall Log : Oracle Wallet Manager 11.1.1.7.0 
Deinstall Log : Secure Socket Layer 11.1.0.7.0 
Deinstall Log : Assistant Common Files 11.1.0.7.0 
Deinstall Log : Oracle Application Server Non J2EE Management Files 11.1.1.7.0 
Deinstall Log : LDAP Audit Framework 11.1.1.7.0 
Deinstall Log : Oracle WebLogic Plugins 11.1.1.7.0 
Deinstall Log : OracleAS Web Cache 11.1.1.7.0 
Deinstall Log : Oracle XML Development Kit 11.1.0.7.0 
Deinstall Log : Required Support Files 11.1.0.7.0 
Deinstall Log : Oracle Net Required Support Files 11.1.0.7.0 
Deinstall Log : LDAP Required Support Files 11.1.1.7.0 
Deinstall Log : RDBMS Required Support Files 11.1.0.7.0 
Deinstall Log : RDBMS Required Support Files for Instant Client 11.1.0.7.0 
Deinstall Log : Oracle Application Server Configuration 11.1.1.7.0 
Deinstall Log : XML Parser for Java 11.1.0.7.0 
Deinstall Log : Oracle Universal Installer 11.1.0.9.0 
Deinstall Log : Oracle One-Off Patch Installer 11.1.0.9.9 
Deinstall Log : Installer SDK Component 11.1.0.9.0 
Deinstall Log : Java Development Kit 1.6.0.35.52 
Deinstall Log : Oracle Configuration Manager 10.3.7.0.0 
Deinstall Log : Oracle Upgrade Assistant 11.1.1.7.0 
Deinstall Log : Oracle JDBC/THIN Interfaces 11.1.0.7.0 
Deinstall Log : Oracle JDBC/OCI Instant Client 11.1.0.7.0 
Deinstall Log : Oracle Globalization Support 11.1.0.7.0 
Deinstall Log : Platform Required Support Files 11.1.0.7.0 
Deinstall Log : Perl Interpreter 5.10.0.0.1 
Deinstall Log : Perl Modules 5.10.0.0.1 
Deinstall Log : Oracle Locale Builder 11.1.0.7.0 
Deinstall Log : Oracle Help For Java 4.2.9.0.0 
Deinstall Log : Oracle JFC Extended Windowing Toolkit 11.1.1.7.0 
Deinstall Log : Oracle Ice Browser 11.1.1.7.0 
Deinstall Log : Oracle Extended Windowing Toolkit 11.1.1.7.0 
Deinstall Log : Oracle Bali Share 11.1.1.7.0 
Deinstall Log : Oracle Core Required Support Files 11.1.0.7.0 
Deinstall Log : Precompiler Required Support Files 11.1.0.7.0 
Deinstall Log : Parser Generator Required Support Files 11.1.0.7.0 
Deinstall Log : Agent Required Support Files 10.2.0.4.1 
Deinstall Log : XDK Required Support Files 11.1.0.7.0 
Deinstall Log : SQL*Plus Required Support Files 11.1.0.7.0 
Deinstall Log : Oracle RAC Required Support Files-HAS 11.1.0.7.0 
Deinstall Log : Oracle XML Query 11.1.0.7.0 
Deinstall Log : Oracle Help for Java 11.1.1.7.0 
Deinstall Log : Oracle Help for the Web - UIX 11.1.1.7.0 
Deinstall Log : Oracle Help for the Web Shared Library 11.1.1.7.0 
Deinstall Log : Oracle Help Share Library 11.1.1.7.0 
Deinstall Log : Oracle  Application Development ModPLSQL 11.1.1.7.0 
Deinstall Log : Expat libraries 2.0.1.0.1 
Deinstall Log : Oracle Globalization Support 11.1.0.7.0 
Deinstall Log : LDAP Secure Sockets Layer Files 11.1.1.7.0 
Deinstall Log : LDAP Required Support Instant Client Files 11.1.1.7.0 
Deinstall Log : Enterprise Manager Minimal Integration 11.1.0.7.0 
Deinstall Log : Buildtools Common Files 11.1.0.7.0 
Deinstall Log : Oracle Remote Diagnostic Agent 11.1.1.7.0 
Deinstall Log : Application Server 11g Cloning Component 11.1.1.7.0 
Deinstall Log : Application Server 11g OHS T2P Component 11.1.1.7.0 
Deinstall Log : OracleAS Documentation 11.1.1.7.0 
Deinstall Log : Oracle Change IP Component 11.1.1.7.0 
Deinstall Log : Oracle Application One Off patches Component 11.1.1.7.0 
Deinstall Log : Oracle Fusion Middleware Admin Config 11.1.1.6.0 
Deinstall Log : Jython 11.1.1.7.0 
Deinstall Log : Enterprise Manager Application Server Plugin -- Common Support 11.1.1.7.0 
Deinstall Log : Oracle Identity Management Support Files 11.1.1.7.0 
Deinstall done
Deinstall Log : Oracle Identity Management Support Files 11.1.1.7.0 
Inside onDoneProgress method ....
Deinstall progress :97
inventoryLocation: /home/oracle/oraInventory
End of deinstallations
Please check '/home/oracle/oraInventory/logs/silentInstall2015-01-26_02-14-54PM.log' for more details.
Setting current page standalone validations to true
Current Host Name siebelgw
inventoryLocation: /home/oracle/oraInventory
outputFile:/home/oracle/oraInventory/logs/installProfile2015-01-26_02-14-54PM.log
in writeProfile method..
[ENGINE] Adding /tmp/OraInstall2015-01-26_02-14-54PM for deletion.
