Using paramFile: /oracle/t/Disk1/install/linux/oraparam.ini


Checking Temp space: must be greater than 400 MB.   Actual 25200 MB    Passed
Checking swap space: must be greater than 500 MB.   Actual 6199 MB    Passed
Checking monitor: must be configured to display at least 256 colors.    Actual 16777216    Passed

The commandline for unzip:
/oracle/t/Disk1/install/linux/unzip -qqqo ../../stage/Components/oracle.jdk/1.6.0.35.52/1/DataFiles/\*.jar -d /tmp/OraInstall2014-12-11_10-26-43AM 
Using the umask value '027' available from oraparam.ini

Execvp of the child jre : the cmdline is /tmp/OraInstall2014-12-11_10-26-43AM/jdk/jre/bin/java, and the argv is 
/tmp/OraInstall2014-12-11_10-26-43AM/jdk/jre/bin/java
-Doracle.installer.library_loc=/tmp/OraInstall2014-12-11_10-26-43AM/oui/lib/linux
-Doracle.installer.oui_loc=/tmp/OraInstall2014-12-11_10-26-43AM/oui
-Doracle.installer.bootstrap=TRUE
-Doracle.installer.startup_location=/oracle/t/Disk1/install/linux
-Doracle.installer.jre_loc=/tmp/OraInstall2014-12-11_10-26-43AM/jdk/jre
-Doracle.installer.nlsEnabled="TRUE"
-Doracle.installer.prereqConfigLoc=/tmp/OraInstall2014-12-11_10-26-43AM/prereq 
-Doracle.installer.unixVersion=3.8.13-55.el6uek.x86_64
-mx512m
-XX:MaxPermSize=512m
-Doracle.installer.appendjre=true
-cp
/tmp/OraInstall2014-12-11_10-26-43AM::/tmp/OraInstall2014-12-11_10-26-43AM/ext/jlib/ccrQueries.jar:/tmp/OraInstall2014-12-11_10-26-43AM/ext/jlib/oneclick.jar:/tmp/OraInstall2014-12-11_10-26-43AM/ext/jlib/xmlparserv2.jar:/tmp/OraInstall2014-12-11_10-26-43AM/ext/jlib/message.jar:/tmp/OraInstall2014-12-11_10-26-43AM/ext/jlib/webtiercd.jar:/tmp/OraInstall2014-12-11_10-26-43AM/ext/jlib/wtinstallhelp.jar:/tmp/OraInstall2014-12-11_10-26-43AM/ext/jlib/osdt_core.jar:/tmp/OraInstall2014-12-11_10-26-43AM/ext/jlib/install.properties:/tmp/OraInstall2014-12-11_10-26-43AM/ext/jlib/ojdbc5.jar:/tmp/OraInstall2014-12-11_10-26-43AM/ext/jlib/commonutils.jar:/tmp/OraInstall2014-12-11_10-26-43AM/ext/jlib/oneofftool.jar:/tmp/OraInstall2014-12-11_10-26-43AM/ext/jlib/engine.jar:/tmp/OraInstall2014-12-11_10-26-43AM/ext/jlib/glassfish.jaxb.xjc_1.0.0.0_2-1-12.jar:/tmp/OraInstall2014-12-11_10-26-43AM/ext/jlib/footprint.xml:/tmp/OraInstall2014-12-11_10-26-43AM/ext/jlib/ojdl-log4j.jar:/tmp/OraInstall2014-12-11_10-26-43AM/ext/jlib/ojdl2.jar:/tmp/OraInstall2014-12-11_10-26-43AM/ext/jlib/template.jar:/tmp/OraInstall2014-12-11_10-26-43AM/ext/jlib/log-config.xml:/tmp/OraInstall2014-12-11_10-26-43AM/ext/jlib/glassfish.jaxb_1.0.0.0_2-1-12.jar:/tmp/OraInstall2014-12-11_10-26-43AM/ext/jlib/xml.jar:/tmp/OraInstall2014-12-11_10-26-43AM/ext/jlib/dms.jar:/tmp/OraInstall2014-12-11_10-26-43AM/ext/jlib/ojdl.jar:/tmp/OraInstall2014-12-11_10-26-43AM/ext/jlib/enginehelp.jar:/tmp/OraInstall2014-12-11_10-26-43AM/oui/jlib/OraInstaller.jar:/tmp/OraInstall2014-12-11_10-26-43AM/oui/jlib/oneclick.jar:/tmp/OraInstall2014-12-11_10-26-43AM/oui/jlib/xmlparserv2.jar:/tmp/OraInstall2014-12-11_10-26-43AM/oui/jlib/share.jar:/tmp/OraInstall2014-12-11_10-26-43AM/oui/jlib/OraInstallerNet.jar:/tmp/OraInstall2014-12-11_10-26-43AM/oui/jlib/emocmutl.jar:/tmp/OraInstall2014-12-11_10-26-43AM/oui/jlib/emCfg.jar:/tmp/OraInstall2014-12-11_10-26-43AM/oui/jlib/OraPrereq.jar:/tmp/OraInstall2014-12-11_10-26-43AM/oui/jlib/jsch.jar:/tmp/OraInstall2014-12-11_10-26-43AM/oui/jlib/ssh.jar:/tmp/OraInstall2014-12-11_10-26-43AM/oui/jlib/remoteinterfaces.jar:/tmp/OraInstall2014-12-11_10-26-43AM/oui/jlib/http_client.jar:/tmp/OraInstall2014-12-11_10-26-43AM/oui/jlib/OraSuiteInstaller.jar:../stage/Components/oracle.swd.opatch/11.1.0.7.0/1/DataFiles/jlib/opatch.jar:../stage/Components/oracle.swd.opatch/11.1.0.7.0/1/DataFiles/jlib/opatchactions.jar:../stage/Components/oracle.swd.opatch/11.1.0.7.0/1/DataFiles/jlib/opatchprereq.jar:../stage/Components/oracle.swd.opatch/11.1.0.7.0/1/DataFiles/jlib/opatchutil.jar:/tmp/OraInstall2014-12-11_10-26-43AM/oui/jlib/InstImages.jar:/tmp/OraInstall2014-12-11_10-26-43AM/oui/jlib/InstHelp.jar:/tmp/OraInstall2014-12-11_10-26-43AM/oui/jlib/InstHelp_de.jar:/tmp/OraInstall2014-12-11_10-26-43AM/oui/jlib/InstHelp_es.jar:/tmp/OraInstall2014-12-11_10-26-43AM/oui/jlib/InstHelp_fr.jar:/tmp/OraInstall2014-12-11_10-26-43AM/oui/jlib/InstHelp_it.jar:/tmp/OraInstall2014-12-11_10-26-43AM/oui/jlib/InstHelp_ja.jar:/tmp/OraInstall2014-12-11_10-26-43AM/oui/jlib/InstHelp_ko.jar:/tmp/OraInstall2014-12-11_10-26-43AM/oui/jlib/InstHelp_pt_BR.jar:/tmp/OraInstall2014-12-11_10-26-43AM/oui/jlib/InstHelp_zh_CN.jar:/tmp/OraInstall2014-12-11_10-26-43AM/oui/jlib/InstHelp_zh_TW.jar:/tmp/OraInstall2014-12-11_10-26-43AM/oui/jlib/oracle_ice.jar:/tmp/OraInstall2014-12-11_10-26-43AM/oui/jlib/help4.jar:/tmp/OraInstall2014-12-11_10-26-43AM/oui/jlib/help4-nls.jar:/tmp/OraInstall2014-12-11_10-26-43AM/oui/jlib/ewt3.jar:/tmp/OraInstall2014-12-11_10-26-43AM/oui/jlib/ewt3-swingaccess.jar:/tmp/OraInstall2014-12-11_10-26-43AM/oui/jlib/ewt3-nls.jar:/tmp/OraInstall2014-12-11_10-26-43AM/oui/jlib/swingaccess.jar::/tmp/OraInstall2014-12-11_10-26-43AM/oui/jlib/jewt4.jar:/tmp/OraInstall2014-12-11_10-26-43AM/oui/jlib/jewt4-nls.jar:/tmp/OraInstall2014-12-11_10-26-43AM/oui/jlib/orai18n-collation.jar:/tmp/OraInstall2014-12-11_10-26-43AM/oui/jlib/orai18n-mapping.jar:/tmp/OraInstall2014-12-11_10-26-43AM/oui/jlib/ojmisc.jar:/tmp/OraInstall2014-12-11_10-26-43AM/oui/jlib/xml.jar:/tmp/OraInstall2014-12-11_10-26-43AM/oui/jlib/srvm.jar:/tmp/OraInstall2014-12-11_10-26-43AM/oui/jlib/classes12.jar
oracle.sysman.oio.oioc.OiocOneClickInstaller
-scratchPath
/tmp/OraInstall2014-12-11_10-26-43AM
-sourceLoc
/oracle/t/Disk1/install/linux/../../stage/products.xml
-sourceType
network
-timestamp
2014-12-11_10-26-43AM
JVM_OPTIONS= -mx512m -XX:MaxPermSize=512m 
-invPtrLoc
/etc/oraInst.loc
